2020-08-08_22:03:14      https://gitlab.com/witline/wordpress/blogdemo.wbitt.com.git     1234567         SUCCESS
2020-08-08_22:06:01      https://gitlab.com/witline/wordpress/blogdemo.wbitt.com         1234567         CONFIG-ERROR
2020-08-08_22:14:09      https://gitlab.com/witline/wordpress/blogdemo.wbitt.com.git     7654321         SUCCESS
2020-08-08_22:18:01      https://gitlab.com/witline/wordpress/blogdemo.wbitt.com.git     95617ee         NOOP
2020-08-08_22:32:06      https://gitlab.com/witline/wordpress/blogdemo.wbitt.com.git     95617ee         GIT-CLONE-DOCKER-SUCCESS
2020-08-08_22:42:11      https://gitlab.com/witline/wordpress/blogdemo.wbitt.com.git     8b9a8e7f        SUCCESS
2020-08-09_00:23:01      https://gitlab.com/witline/wordpress/blogdemo.wbitt.com         1234567         CONFIG-ERROR
2020-08-09_00:24:11      https://gitlab.com/witline/wordpress/blogdemo.wbitt.com.git     7654321         SUCCESS
2020-08-09_00:26:08      https://gitlab.com/witline/wordpress/blogdemo.wbitt.com.git     7654321         GIT-PULL-DOCKER-SUCCESS
2020-08-09_00:28:08      https://gitlab.com/witline/wordpress/blogdemo.wbitt.com.git     95617ee         GIT-PULL-DOCKER-SUCCESS
2020-08-09_00:29:07      https://gitlab.com/witline/wordpress/blogdemo.wbitt.com.git     95617ee         GIT-PULL-DOCKER-SUCCESS
2020-08-09_00:31:01      https://gitlab.com/witline/wordpress/blogdemo.wbitt.com.git     8b9a8e7         NOOP
2020-08-09_00:33:07      https://gitlab.com/witline/wordpress/blogdemo.wbitt.com.git     8b9a8e7         GIT-CLONE-DOCKER-SUCCESS
2020-10-06_20:30:15      https://gitlab.com/witline/wordpress/blogdemo.wbitt.com.git     ec7456ac        GIT-PULL-DOCKER-SUCCESS
2020-10-06_20:36:09      https://gitlab.com/witline/wordpress/blogdemo.wbitt.com.git     c39acee5        GIT-PULL-DOCKER-SUCCESS
2020-10-06_21:29:10      https://gitlab.com/witline/wordpress/blogdemo.wbitt.com.git     cb661319        GIT-PULL-DOCKER-SUCCESS
2020-10-19_09:18:11      https://gitlab.com/kamranazeem/basicweb.wbitt.com.git   85e59a6b        GIT-PULL-DOCKER-SUCCESS
2020-10-19_09:20:07      https://gitlab.com/kamranazeem/basicweb.wbitt.com.git   4d393ac9        GIT-PULL-DOCKER-SUCCESS
2020-10-19_09:32:08      https://gitlab.com/kamranazeem/basicweb.wbitt.com.git   3b75a708        GIT-PULL-DOCKER-SUCCESS
2020-10-19_09:38:09      https://gitlab.com/kamranazeem/basicweb.wbitt.com.git   b9c5bb2c        GIT-PULL-DOCKER-SUCCESS
2020-10-19_10:09:07      https://gitlab.com/kamranazeem/basicweb.wbitt.com.git   e71ec9a5        GIT-PULL-DOCKER-SUCCESS
2020-10-19_10:13:06      https://gitlab.com/kamranazeem/basicweb.wbitt.com.git   b4551529        GIT-CLONE-DOCKER-SUCCESS
